<?xml version="1.0" encoding="UTF-8"?>
<testsuites name="jest tests" tests="2" failures="0" time="2.252">
  <testsuite name="__tests__/endpoints.ts" errors="0" failures="0" skipped="0" timestamp="2020-01-28T10:03:50" time="1.347" tests="2">
    <testcase classname="-libs/endpoints: streamWS" name="-libs/endpoints: streamWS" time="0.003">
    </testcase>
    <testcase classname="-libs/endpoints: restAPI" name="-libs/endpoints: restAPI" time="0.001">
    </testcase>
  </testsuite>
</testsuites>