<?xml version="1.0" encoding="UTF-8"?>
<testsuites name="jest tests" tests="2" failures="0" time="2.225">
  <testsuite name="__tests__/endpoints.ts" errors="0" failures="0" skipped="0" timestamp="2019-09-27T13:09:06" time="1.718" tests="2">
    <testcase classname="-libs/endpoints: streamWS" name="-libs/endpoints: streamWS" time="0.003">
    </testcase>
    <testcase classname="-libs/endpoints: restAPI" name="-libs/endpoints: restAPI" time="0.001">
    </testcase>
  </testsuite>
</testsuites>